<?xml version="1.0" encoding="UTF-8"?>
<testsuite name="com.invillia.Account.integration.FindAllAccountTest" tests="1" skipped="0" failures="0" errors="0" timestamp="2019-12-11T15:33:59" hostname="incubadora14" time="0.299">
  <properties/>
  <testcase name="findAllWithSuccess()" classname="com.invillia.Account.integration.FindAllAccountTest" time="0.299"/>
  <system-out><![CDATA[2019-12-11 13:33:59.189  INFO 2274 --- [    Test worker] .b.t.c.SpringBootTestContextBootstrapper : Neither @ContextConfiguration nor @ContextHierarchy found for test class [com.invillia.Account.integration.FindAllAccountTest], using SpringBootContextLoader
2019-12-11 13:33:59.192  INFO 2274 --- [    Test worker] o.s.t.c.support.AbstractContextLoader    : Could not detect default resource locations for test class [com.invillia.Account.integration.FindAllAccountTest]: no resource found for suffixes {-context.xml, Context.groovy}.
2019-12-11 13:33:59.193  INFO 2274 --- [    Test worker] t.c.s.AnnotationConfigContextLoaderUtils : Could not detect default configuration classes for test class [com.invillia.Account.integration.FindAllAccountTest]: FindAllAccountTest does not declare any static, non-private, non-final, nested classes annotated with @Configuration.
2019-12-11 13:33:59.195  INFO 2274 --- [    Test worker] .b.t.c.SpringBootTestContextBootstrapper : Found @SpringBootConfiguration com.invillia.Account.AccountApplication for test class com.invillia.Account.integration.FindAllAccountTest
2019-12-11 13:33:59.197  INFO 2274 --- [    Test worker] .b.t.c.SpringBootTestContextBootstrapper : Loaded default TestExecutionListener class names from location [META-INF/spring.factories]: [com.invillia.Account.testexecutionlistener.CleanDatabaseTestExecutionListener, com.invillia.Account.testexecutionlistener.RestAssuredTestExecutionListener, org.springframework.boot.test.autoconfigure.restdocs.RestDocsTestExecutionListener, org.springframework.boot.test.autoconfigure.web.client.MockRestServiceServerResetTestExecutionListener, org.springframework.boot.test.autoconfigure.web.servlet.MockMvcPrintOnlyOnFailureTestExecutionListener, org.springframework.boot.test.autoconfigure.web.servlet.WebDriverTestExecutionListener, org.springframework.boot.test.mock.mockito.MockitoTestExecutionListener, org.springframework.boot.test.mock.mockito.ResetMocksTestExecutionListener, org.springframework.test.context.web.ServletTestExecutionListener, org.springframework.test.context.support.DirtiesContextBeforeModesTestExecutionListener, org.springframework.test.context.support.DependencyInjectionTestExecutionListener, org.springframework.test.context.support.DirtiesContextTestExecutionListener, org.springframework.test.context.transaction.TransactionalTestExecutionListener, org.springframework.test.context.jdbc.SqlScriptsTestExecutionListener, org.springframework.test.context.event.EventPublishingTestExecutionListener]
2019-12-11 13:33:59.199  INFO 2274 --- [    Test worker] .b.t.c.SpringBootTestContextBootstrapper : Using TestExecutionListeners: [org.springframework.test.context.web.ServletTestExecutionListener@3d2e834d, org.springframework.test.context.support.DirtiesContextBeforeModesTestExecutionListener@4f6ad53e, org.springframework.boot.test.mock.mockito.MockitoTestExecutionListener@27794bb, org.springframework.boot.test.autoconfigure.SpringBootDependencyInjectionTestExecutionListener@6031913b, org.springframework.test.context.support.DirtiesContextTestExecutionListener@294c529b, org.springframework.test.context.transaction.TransactionalTestExecutionListener@3016a1a9, org.springframework.test.context.jdbc.SqlScriptsTestExecutionListener@e7a395c, org.springframework.test.context.event.EventPublishingTestExecutionListener@62aed9e1, org.springframework.boot.test.autoconfigure.restdocs.RestDocsTestExecutionListener@29bd97a5, org.springframework.boot.test.autoconfigure.web.client.MockRestServiceServerResetTestExecutionListener@2c2360d2, org.springframework.boot.test.autoconfigure.web.servlet.MockMvcPrintOnlyOnFailureTestExecutionListener@73cc1cd3, org.springframework.boot.test.autoconfigure.web.servlet.WebDriverTestExecutionListener@6739b29a, org.springframework.boot.test.mock.mockito.ResetMocksTestExecutionListener@22fc0167, com.invillia.Account.testexecutionlistener.CleanDatabaseTestExecutionListener@156ec01a, com.invillia.Account.testexecutionlistener.RestAssuredTestExecutionListener@6d76ce0]
Request method:	GET
Request URI:	http://localhost:33009/
Proxy:			<none>
Request params:	<none>
Query params:	<none>
Form params:	<none>
Path params:	<none>
Headers:		Accept=*/*
Cookies:		<none>
Multiparts:		<none>
Body:			<none>
HTTP/1.1 200 
Vary: Origin
Vary: Access-Control-Request-Method
Vary: Access-Control-Request-Headers
Vary: Origin
Vary: Access-Control-Request-Method
Vary: Access-Control-Request-Headers
Content-Type: application/json
Transfer-Encoding: chunked
Date: Wed, 11 Dec 2019 15:33:59 GMT

[
    {
        "id": 1,
        "balance": 0.0,
        "availableOverdraft": 0.0,
        "maxOverdraft": 0.0
    },
    {
        "id": 2,
        "balance": 0.0,
        "availableOverdraft": 0.0,
        "maxOverdraft": 0.0
    },
    {
        "id": 3,
        "balance": 0.0,
        "availableOverdraft": 0.0,
        "maxOverdraft": 0.0
    },
    {
        "id": 4,
        "balance": 0.0,
        "availableOverdraft": 0.0,
        "maxOverdraft": 0.0
    },
    {
        "id": 5,
        "balance": 0.0,
        "availableOverdraft": 0.0,
        "maxOverdraft": 0.0
    }
]
]]></system-out>
  <system-err><![CDATA[]]></system-err>
</testsuite>
