<?xml version="1.0" encoding="UTF-8"?>
<testsuite name="com.invillia.Account.integration.FindAccountByIdTest" tests="2" skipped="0" failures="0" errors="0" timestamp="2019-12-11T15:33:57" hostname="incubadora14" time="1.905">
  <properties/>
  <testcase name="FindByIdWithSuccess()" classname="com.invillia.Account.integration.FindAccountByIdTest" time="1.719"/>
  <testcase name="FindByIdNotFound()" classname="com.invillia.Account.integration.FindAccountByIdTest" time="0.18"/>
  <system-out><![CDATA[13:33:51.404 [Test worker] DEBUG org.springframework.test.context.BootstrapUtils - Instantiating CacheAwareContextLoaderDelegate from class [org.springframework.test.context.cache.DefaultCacheAwareContextLoaderDelegate]
13:33:51.424 [Test worker] DEBUG org.springframework.test.context.BootstrapUtils - Instantiating BootstrapContext using constructor [public org.springframework.test.context.support.DefaultBootstrapContext(java.lang.Class,org.springframework.test.context.CacheAwareContextLoaderDelegate)]
13:33:51.450 [Test worker] DEBUG org.springframework.test.context.BootstrapUtils - Instantiating TestContextBootstrapper for test class [com.invillia.Account.integration.FindAccountByIdTest] from class [org.springframework.boot.test.context.SpringBootTestContextBootstrapper]
13:33:51.466 [Test worker] INFO org.springframework.boot.test.context.SpringBootTestContextBootstrapper - Neither @ContextConfiguration nor @ContextHierarchy found for test class [com.invillia.Account.integration.FindAccountByIdTest], using SpringBootContextLoader
13:33:51.472 [Test worker] DEBUG org.springframework.test.context.support.AbstractContextLoader - Did not detect default resource location for test class [com.invillia.Account.integration.FindAccountByIdTest]: class path resource [com/invillia/Account/integration/FindAccountByIdTest-context.xml] does not exist
13:33:51.473 [Test worker] DEBUG org.springframework.test.context.support.AbstractContextLoader - Did not detect default resource location for test class [com.invillia.Account.integration.FindAccountByIdTest]: class path resource [com/invillia/Account/integration/FindAccountByIdTestContext.groovy] does not exist
13:33:51.474 [Test worker] INFO org.springframework.test.context.support.AbstractContextLoader - Could not detect default resource locations for test class [com.invillia.Account.integration.FindAccountByIdTest]: no resource found for suffixes {-context.xml, Context.groovy}.
13:33:51.476 [Test worker] INFO org.springframework.test.context.support.AnnotationConfigContextLoaderUtils - Could not detect default configuration classes for test class [com.invillia.Account.integration.FindAccountByIdTest]: FindAccountByIdTest does not declare any static, non-private, non-final, nested classes annotated with @Configuration.
13:33:51.525 [Test worker] DEBUG org.springframework.test.context.support.ActiveProfilesUtils - Could not find an 'annotation declaring class' for annotation type [org.springframework.test.context.ActiveProfiles] and class [com.invillia.Account.integration.FindAccountByIdTest]
13:33:51.594 [Test worker] DEBUG org.springframework.context.annotation.ClassPathScanningCandidateComponentProvider - Identified candidate component class: file [/home/incubadora14/Documentos/Incubadora/ContaCorrente2/build/classes/java/main/com/invillia/Account/AccountApplication.class]
13:33:51.595 [Test worker] INFO org.springframework.boot.test.context.SpringBootTestContextBootstrapper - Found @SpringBootConfiguration com.invillia.Account.AccountApplication for test class com.invillia.Account.integration.FindAccountByIdTest
13:33:51.710 [Test worker] DEBUG org.springframework.boot.test.context.SpringBootTestContextBootstrapper - @TestExecutionListeners is not present for class [com.invillia.Account.integration.FindAccountByIdTest]: using defaults.
13:33:51.710 [Test worker] INFO org.springframework.boot.test.context.SpringBootTestContextBootstrapper - Loaded default TestExecutionListener class names from location [META-INF/spring.factories]: [com.invillia.Account.testexecutionlistener.CleanDatabaseTestExecutionListener, com.invillia.Account.testexecutionlistener.RestAssuredTestExecutionListener, org.springframework.boot.test.autoconfigure.restdocs.RestDocsTestExecutionListener, org.springframework.boot.test.autoconfigure.web.client.MockRestServiceServerResetTestExecutionListener, org.springframework.boot.test.autoconfigure.web.servlet.MockMvcPrintOnlyOnFailureTestExecutionListener, org.springframework.boot.test.autoconfigure.web.servlet.WebDriverTestExecutionListener, org.springframework.boot.test.mock.mockito.MockitoTestExecutionListener, org.springframework.boot.test.mock.mockito.ResetMocksTestExecutionListener, org.springframework.test.context.web.ServletTestExecutionListener, org.springframework.test.context.support.DirtiesContextBeforeModesTestExecutionListener, org.springframework.test.context.support.DependencyInjectionTestExecutionListener, org.springframework.test.context.support.DirtiesContextTestExecutionListener, org.springframework.test.context.transaction.TransactionalTestExecutionListener, org.springframework.test.context.jdbc.SqlScriptsTestExecutionListener, org.springframework.test.context.event.EventPublishingTestExecutionListener]
13:33:51.729 [Test worker] INFO org.springframework.boot.test.context.SpringBootTestContextBootstrapper - Using TestExecutionListeners: [org.springframework.test.context.web.ServletTestExecutionListener@2492f268, org.springframework.test.context.support.DirtiesContextBeforeModesTestExecutionListener@68b70557, org.springframework.boot.test.mock.mockito.MockitoTestExecutionListener@15e18746, org.springframework.boot.test.autoconfigure.SpringBootDependencyInjectionTestExecutionListener@3513a680, org.springframework.test.context.support.DirtiesContextTestExecutionListener@62113f8, org.springframework.test.context.transaction.TransactionalTestExecutionListener@566c33d6, org.springframework.test.context.jdbc.SqlScriptsTestExecutionListener@4fae45ea, org.springframework.test.context.event.EventPublishingTestExecutionListener@6721dd39, org.springframework.boot.test.autoconfigure.restdocs.RestDocsTestExecutionListener@6991bcf6, org.springframework.boot.test.autoconfigure.web.client.MockRestServiceServerResetTestExecutionListener@5ed4c091, org.springframework.boot.test.autoconfigure.web.servlet.MockMvcPrintOnlyOnFailureTestExecutionListener@63e84fb4, org.springframework.boot.test.autoconfigure.web.servlet.WebDriverTestExecutionListener@a499ee5, org.springframework.boot.test.mock.mockito.ResetMocksTestExecutionListener@6edbe556, com.invillia.Account.testexecutionlistener.CleanDatabaseTestExecutionListener@16736054, com.invillia.Account.testexecutionlistener.RestAssuredTestExecutionListener@37c708c1]
13:33:51.733 [Test worker] DEBUG org.springframework.test.context.support.AbstractDirtiesContextTestExecutionListener - Before test class: context [DefaultTestContext@210bfcd9 testClass = FindAccountByIdTest, testInstance = [null], testMethod = [null], testException = [null], mergedContextConfiguration = [WebMergedContextConfiguration@5c621dae testClass = FindAccountByIdTest, locations = '{}', classes = '{class com.invillia.Account.AccountApplication}', contextInitializerClasses = '[]', activeProfiles = '{}', propertySourceLocations = '{}', propertySourceProperties = '{org.springframework.boot.test.context.SpringBootTestContextBootstrapper=true, server.port=0}', contextCustomizers = set[org.springframework.boot.test.autoconfigure.properties.PropertyMappingContextCustomizer@0, org.springframework.boot.test.autoconfigure.web.servlet.WebDriverContextCustomizerFactory$Customizer@72e2b6a8, org.springframework.boot.test.context.filter.ExcludeFilterContextCustomizer@49897263, org.springframework.boot.test.json.DuplicateJsonObjectContextCustomizerFactory$DuplicateJsonObjectContextCustomizer@61048054, org.springframework.boot.test.mock.mockito.MockitoContextCustomizer@0, org.springframework.boot.test.web.client.TestRestTemplateContextCustomizer@331da5f5], resourceBasePath = 'src/main/webapp', contextLoader = 'org.springframework.boot.test.context.SpringBootContextLoader', parent = [null]], attributes = map['org.springframework.test.context.web.ServletTestExecutionListener.activateListener' -> false]], class annotated with @DirtiesContext [false] with mode [null].
13:33:51.761 [Test worker] DEBUG org.springframework.test.context.support.TestPropertySourceUtils - Adding inlined properties to environment: {spring.jmx.enabled=false, org.springframework.boot.test.context.SpringBootTestContextBootstrapper=true, server.port=0}

  .   ____          _            __ _ _
 /\\ / ___'_ __ _ _(_)_ __  __ _ \ \ \ \
( ( )\___ | '_ | '_| | '_ \/ _` | \ \ \ \
 \\/  ___)| |_)| | | | | || (_| |  ) ) ) )
  '  |____| .__|_| |_|_| |_\__, | / / / /
 =========|_|==============|___/=/_/_/_/
 :: Spring Boot ::        (v2.2.1.RELEASE)

2019-12-11 13:33:52.296  INFO 2274 --- [    Test worker] c.i.A.integration.FindAccountByIdTest    : Starting FindAccountByIdTest on incubadora14 with PID 2274 (started by incubadora14 in /home/incubadora14/Documentos/Incubadora/ContaCorrente2)
2019-12-11 13:33:52.310  INFO 2274 --- [    Test worker] c.i.A.integration.FindAccountByIdTest    : No active profile set, falling back to default profiles: default
2019-12-11 13:33:53.315  INFO 2274 --- [    Test worker] .s.d.r.c.RepositoryConfigurationDelegate : Bootstrapping Spring Data repositories in DEFAULT mode.
2019-12-11 13:33:53.393  INFO 2274 --- [    Test worker] .s.d.r.c.RepositoryConfigurationDelegate : Finished Spring Data repository scanning in 67ms. Found 1 repository interfaces.
2019-12-11 13:33:53.758  INFO 2274 --- [    Test worker] trationDelegate$BeanPostProcessorChecker : Bean 'org.springframework.transaction.annotation.ProxyTransactionManagementConfiguration' of type [org.springframework.transaction.annotation.ProxyTransactionManagementConfiguration] is not eligible for getting processed by all BeanPostProcessors (for example: not eligible for auto-proxying)
2019-12-11 13:33:54.157  INFO 2274 --- [    Test worker] o.s.b.w.embedded.tomcat.TomcatWebServer  : Tomcat initialized with port(s): 0 (http)
2019-12-11 13:33:54.173  INFO 2274 --- [    Test worker] o.apache.catalina.core.StandardService   : Starting service [Tomcat]
2019-12-11 13:33:54.174  INFO 2274 --- [    Test worker] org.apache.catalina.core.StandardEngine  : Starting Servlet engine: [Apache Tomcat/9.0.27]
2019-12-11 13:33:54.311  INFO 2274 --- [    Test worker] o.a.c.c.C.[Tomcat].[localhost].[/]       : Initializing Spring embedded WebApplicationContext
2019-12-11 13:33:54.311  INFO 2274 --- [    Test worker] o.s.web.context.ContextLoader            : Root WebApplicationContext: initialization completed in 1737 ms
2019-12-11 13:33:54.532  INFO 2274 --- [    Test worker] com.zaxxer.hikari.HikariDataSource       : HikariPool-1 - Starting...
2019-12-11 13:33:54.739  INFO 2274 --- [    Test worker] com.zaxxer.hikari.HikariDataSource       : HikariPool-1 - Start completed.
2019-12-11 13:33:54.831  INFO 2274 --- [    Test worker] o.hibernate.jpa.internal.util.LogHelper  : HHH000204: Processing PersistenceUnitInfo [name: default]
2019-12-11 13:33:54.917  INFO 2274 --- [    Test worker] org.hibernate.Version                    : HHH000412: Hibernate Core {5.4.8.Final}
2019-12-11 13:33:55.072  INFO 2274 --- [    Test worker] o.hibernate.annotations.common.Version   : HCANN000001: Hibernate Commons Annotations {5.1.0.Final}
2019-12-11 13:33:55.204  INFO 2274 --- [    Test worker] org.hibernate.dialect.Dialect            : HHH000400: Using dialect: org.hibernate.dialect.H2Dialect
2019-12-11 13:33:55.880  INFO 2274 --- [    Test worker] o.h.e.t.j.p.i.JtaPlatformInitiator       : HHH000490: Using JtaPlatform implementation: [org.hibernate.engine.transaction.jta.platform.internal.NoJtaPlatform]
2019-12-11 13:33:55.886  INFO 2274 --- [    Test worker] j.LocalContainerEntityManagerFactoryBean : Initialized JPA EntityManagerFactory for persistence unit 'default'
2019-12-11 13:33:56.346  WARN 2274 --- [    Test worker] JpaBaseConfiguration$JpaWebConfiguration : spring.jpa.open-in-view is enabled by default. Therefore, database queries may be performed during view rendering. Explicitly configure spring.jpa.open-in-view to disable this warning
2019-12-11 13:33:56.621  INFO 2274 --- [    Test worker] o.s.s.concurrent.ThreadPoolTaskExecutor  : Initializing ExecutorService 'applicationTaskExecutor'
2019-12-11 13:33:57.247  INFO 2274 --- [    Test worker] o.s.b.w.embedded.tomcat.TomcatWebServer  : Tomcat started on port(s): 33009 (http) with context path ''
2019-12-11 13:33:57.251  INFO 2274 --- [    Test worker] c.i.A.integration.FindAccountByIdTest    : Started FindAccountByIdTest in 5.485 seconds (JVM running for 7.155)
Request method:	GET
Request URI:	http://localhost:33009/1
Proxy:			<none>
Request params:	<none>
Query params:	<none>
Form params:	<none>
Path params:	<none>
Headers:		Accept=*/*
Cookies:		<none>
Multiparts:		<none>
Body:			<none>
2019-12-11 13:33:58.270  INFO 2274 --- [o-auto-1-exec-1] o.a.c.c.C.[Tomcat].[localhost].[/]       : Initializing Spring DispatcherServlet 'dispatcherServlet'
2019-12-11 13:33:58.271  INFO 2274 --- [o-auto-1-exec-1] o.s.web.servlet.DispatcherServlet        : Initializing Servlet 'dispatcherServlet'
2019-12-11 13:33:58.294  INFO 2274 --- [o-auto-1-exec-1] o.s.web.servlet.DispatcherServlet        : Completed initialization in 22 ms
HTTP/1.1 200 
Vary: Origin
Vary: Access-Control-Request-Method
Vary: Access-Control-Request-Headers
Vary: Origin
Vary: Access-Control-Request-Method
Vary: Access-Control-Request-Headers
Content-Type: application/json
Transfer-Encoding: chunked
Date: Wed, 11 Dec 2019 15:33:58 GMT

{
    "id": 1,
    "balance": 0.0,
    "availableOverdraft": 0.0,
    "maxOverdraft": 0.0
}
Request method:	GET
Request URI:	http://localhost:33009/2
Proxy:			<none>
Request params:	<none>
Query params:	<none>
Form params:	<none>
Path params:	<none>
Headers:		Accept=*/*
Cookies:		<none>
Multiparts:		<none>
Body:			<none>
HTTP/1.1 404 
Vary: Origin
Vary: Access-Control-Request-Method
Vary: Access-Control-Request-Headers
Vary: Origin
Vary: Access-Control-Request-Method
Vary: Access-Control-Request-Headers
Content-Type: application/json
Transfer-Encoding: chunked
Date: Wed, 11 Dec 2019 15:33:58 GMT

{
    "timestamp": "2019-12-11T15:33:59.035+0000",
    "status": 404,
    "error": "Not Found",
    "message": "No message available",
    "path": "/2"
}
]]></system-out>
  <system-err><![CDATA[]]></system-err>
</testsuite>
