<?xml version="1.0" encoding="UTF-8"?>
<testsuite name="com.invillia.Account.ContaCorrenteApplicationTests" tests="1" skipped="0" failures="0" errors="0" timestamp="2019-12-11T15:34:00" hostname="incubadora14" time="0.009">
  <properties/>
  <testcase name="contextLoads()" classname="com.invillia.Account.ContaCorrenteApplicationTests" time="0.009"/>
  <system-out><![CDATA[2019-12-11 13:33:59.505  INFO 2274 --- [    Test worker] .b.t.c.SpringBootTestContextBootstrapper : Neither @ContextConfiguration nor @ContextHierarchy found for test class [com.invillia.Account.ContaCorrenteApplicationTests], using SpringBootContextLoader
2019-12-11 13:33:59.507  INFO 2274 --- [    Test worker] o.s.t.c.support.AbstractContextLoader    : Could not detect default resource locations for test class [com.invillia.Account.ContaCorrenteApplicationTests]: no resource found for suffixes {-context.xml, Context.groovy}.
2019-12-11 13:33:59.507  INFO 2274 --- [    Test worker] t.c.s.AnnotationConfigContextLoaderUtils : Could not detect default configuration classes for test class [com.invillia.Account.ContaCorrenteApplicationTests]: ContaCorrenteApplicationTests does not declare any static, non-private, non-final, nested classes annotated with @Configuration.
2019-12-11 13:33:59.511  INFO 2274 --- [    Test worker] .b.t.c.SpringBootTestContextBootstrapper : Found @SpringBootConfiguration com.invillia.Account.AccountApplication for test class com.invillia.Account.ContaCorrenteApplicationTests
2019-12-11 13:33:59.513  INFO 2274 --- [    Test worker] .b.t.c.SpringBootTestContextBootstrapper : Loaded default TestExecutionListener class names from location [META-INF/spring.factories]: [com.invillia.Account.testexecutionlistener.CleanDatabaseTestExecutionListener, com.invillia.Account.testexecutionlistener.RestAssuredTestExecutionListener, org.springframework.boot.test.autoconfigure.restdocs.RestDocsTestExecutionListener, org.springframework.boot.test.autoconfigure.web.client.MockRestServiceServerResetTestExecutionListener, org.springframework.boot.test.autoconfigure.web.servlet.MockMvcPrintOnlyOnFailureTestExecutionListener, org.springframework.boot.test.autoconfigure.web.servlet.WebDriverTestExecutionListener, org.springframework.boot.test.mock.mockito.MockitoTestExecutionListener, org.springframework.boot.test.mock.mockito.ResetMocksTestExecutionListener, org.springframework.test.context.web.ServletTestExecutionListener, org.springframework.test.context.support.DirtiesContextBeforeModesTestExecutionListener, org.springframework.test.context.support.DependencyInjectionTestExecutionListener, org.springframework.test.context.support.DirtiesContextTestExecutionListener, org.springframework.test.context.transaction.TransactionalTestExecutionListener, org.springframework.test.context.jdbc.SqlScriptsTestExecutionListener, org.springframework.test.context.event.EventPublishingTestExecutionListener]
2019-12-11 13:33:59.514  INFO 2274 --- [    Test worker] .b.t.c.SpringBootTestContextBootstrapper : Using TestExecutionListeners: [org.springframework.test.context.web.ServletTestExecutionListener@7843c2f8, org.springframework.test.context.support.DirtiesContextBeforeModesTestExecutionListener@3f9d7e15, org.springframework.boot.test.mock.mockito.MockitoTestExecutionListener@664b5e30, org.springframework.boot.test.autoconfigure.SpringBootDependencyInjectionTestExecutionListener@1697c067, org.springframework.test.context.support.DirtiesContextTestExecutionListener@70a5944f, org.springframework.test.context.transaction.TransactionalTestExecutionListener@241c2198, org.springframework.test.context.jdbc.SqlScriptsTestExecutionListener@181a51f5, org.springframework.test.context.event.EventPublishingTestExecutionListener@30263e69, org.springframework.boot.test.autoconfigure.restdocs.RestDocsTestExecutionListener@6c7dc3ce, org.springframework.boot.test.autoconfigure.web.client.MockRestServiceServerResetTestExecutionListener@29282f38, org.springframework.boot.test.autoconfigure.web.servlet.MockMvcPrintOnlyOnFailureTestExecutionListener@63775611, org.springframework.boot.test.autoconfigure.web.servlet.WebDriverTestExecutionListener@6223f960, org.springframework.boot.test.mock.mockito.ResetMocksTestExecutionListener@60423559, com.invillia.Account.testexecutionlistener.CleanDatabaseTestExecutionListener@8fb9786, com.invillia.Account.testexecutionlistener.RestAssuredTestExecutionListener@51e58f56]

  .   ____          _            __ _ _
 /\\ / ___'_ __ _ _(_)_ __  __ _ \ \ \ \
( ( )\___ | '_ | '_| | '_ \/ _` | \ \ \ \
 \\/  ___)| |_)| | | | | || (_| |  ) ) ) )
  '  |____| .__|_| |_|_| |_\__, | / / / /
 =========|_|==============|___/=/_/_/_/
 :: Spring Boot ::        (v2.2.1.RELEASE)

2019-12-11 13:33:59.561  INFO 2274 --- [    Test worker] c.i.A.ContaCorrenteApplicationTests      : Starting ContaCorrenteApplicationTests on incubadora14 with PID 2274 (started by incubadora14 in /home/incubadora14/Documentos/Incubadora/ContaCorrente2)
2019-12-11 13:33:59.562  INFO 2274 --- [    Test worker] c.i.A.ContaCorrenteApplicationTests      : No active profile set, falling back to default profiles: default
2019-12-11 13:33:59.743  INFO 2274 --- [    Test worker] .s.d.r.c.RepositoryConfigurationDelegate : Bootstrapping Spring Data repositories in DEFAULT mode.
2019-12-11 13:33:59.763  INFO 2274 --- [    Test worker] .s.d.r.c.RepositoryConfigurationDelegate : Finished Spring Data repository scanning in 19ms. Found 1 repository interfaces.
2019-12-11 13:33:59.869  INFO 2274 --- [    Test worker] trationDelegate$BeanPostProcessorChecker : Bean 'org.springframework.transaction.annotation.ProxyTransactionManagementConfiguration' of type [org.springframework.transaction.annotation.ProxyTransactionManagementConfiguration] is not eligible for getting processed by all BeanPostProcessors (for example: not eligible for auto-proxying)
2019-12-11 13:33:59.941  INFO 2274 --- [    Test worker] com.zaxxer.hikari.HikariDataSource       : HikariPool-2 - Starting...
2019-12-11 13:33:59.943  INFO 2274 --- [    Test worker] com.zaxxer.hikari.HikariDataSource       : HikariPool-2 - Start completed.
2019-12-11 13:33:59.955  INFO 2274 --- [    Test worker] o.hibernate.jpa.internal.util.LogHelper  : HHH000204: Processing PersistenceUnitInfo [name: default]
2019-12-11 13:33:59.961  INFO 2274 --- [    Test worker] org.hibernate.dialect.Dialect            : HHH000400: Using dialect: org.hibernate.dialect.H2Dialect
2019-12-11 13:33:59.997  INFO 2274 --- [    Test worker] o.h.e.t.j.p.i.JtaPlatformInitiator       : HHH000490: Using JtaPlatform implementation: [org.hibernate.engine.transaction.jta.platform.internal.NoJtaPlatform]
2019-12-11 13:33:59.997  INFO 2274 --- [    Test worker] j.LocalContainerEntityManagerFactoryBean : Initialized JPA EntityManagerFactory for persistence unit 'default'
2019-12-11 13:34:00.197  WARN 2274 --- [    Test worker] JpaBaseConfiguration$JpaWebConfiguration : spring.jpa.open-in-view is enabled by default. Therefore, database queries may be performed during view rendering. Explicitly configure spring.jpa.open-in-view to disable this warning
2019-12-11 13:34:00.290  INFO 2274 --- [    Test worker] o.s.s.concurrent.ThreadPoolTaskExecutor  : Initializing ExecutorService 'applicationTaskExecutor'
2019-12-11 13:34:00.473  INFO 2274 --- [    Test worker] c.i.A.ContaCorrenteApplicationTests      : Started ContaCorrenteApplicationTests in 0.952 seconds (JVM running for 10.378)
]]></system-out>
  <system-err><![CDATA[]]></system-err>
</testsuite>
