<?xml version="1.0" encoding="UTF-8"?>
<testsuite name="com.invillia.Account.service.OperationsDepositTest" tests="6" skipped="0" failures="0" errors="0" timestamp="2019-12-11T15:34:01" hostname="incubadora14" time="0.059">
  <properties/>
  <testcase name="ZeroAccountDebt()" classname="com.invillia.Account.service.OperationsDepositTest" time="0.009"/>
  <testcase name="ValueEqualsAccountDebt()" classname="com.invillia.Account.service.OperationsDepositTest" time="0.008"/>
  <testcase name="NegativeValue()" classname="com.invillia.Account.service.OperationsDepositTest" time="0.008"/>
  <testcase name="ValueGreaterThanAccountDebt()" classname="com.invillia.Account.service.OperationsDepositTest" time="0.007"/>
  <testcase name="ValueLessThanAccountDebt()" classname="com.invillia.Account.service.OperationsDepositTest" time="0.009"/>
  <testcase name="ZeroValue()" classname="com.invillia.Account.service.OperationsDepositTest" time="0.011"/>
  <system-out><![CDATA[2019-12-11 13:34:01.684  INFO 2274 --- [    Test worker] .b.t.c.SpringBootTestContextBootstrapper : Neither @ContextConfiguration nor @ContextHierarchy found for test class [com.invillia.Account.service.OperationsDepositTest], using SpringBootContextLoader
2019-12-11 13:34:01.685  INFO 2274 --- [    Test worker] o.s.t.c.support.AbstractContextLoader    : Could not detect default resource locations for test class [com.invillia.Account.service.OperationsDepositTest]: no resource found for suffixes {-context.xml, Context.groovy}.
2019-12-11 13:34:01.685  INFO 2274 --- [    Test worker] t.c.s.AnnotationConfigContextLoaderUtils : Could not detect default configuration classes for test class [com.invillia.Account.service.OperationsDepositTest]: OperationsDepositTest does not declare any static, non-private, non-final, nested classes annotated with @Configuration.
2019-12-11 13:34:01.688  INFO 2274 --- [    Test worker] .b.t.c.SpringBootTestContextBootstrapper : Found @SpringBootConfiguration com.invillia.Account.AccountApplication for test class com.invillia.Account.service.OperationsDepositTest
2019-12-11 13:34:01.690  INFO 2274 --- [    Test worker] .b.t.c.SpringBootTestContextBootstrapper : Loaded default TestExecutionListener class names from location [META-INF/spring.factories]: [com.invillia.Account.testexecutionlistener.CleanDatabaseTestExecutionListener, com.invillia.Account.testexecutionlistener.RestAssuredTestExecutionListener, org.springframework.boot.test.autoconfigure.restdocs.RestDocsTestExecutionListener, org.springframework.boot.test.autoconfigure.web.client.MockRestServiceServerResetTestExecutionListener, org.springframework.boot.test.autoconfigure.web.servlet.MockMvcPrintOnlyOnFailureTestExecutionListener, org.springframework.boot.test.autoconfigure.web.servlet.WebDriverTestExecutionListener, org.springframework.boot.test.mock.mockito.MockitoTestExecutionListener, org.springframework.boot.test.mock.mockito.ResetMocksTestExecutionListener, org.springframework.test.context.web.ServletTestExecutionListener, org.springframework.test.context.support.DirtiesContextBeforeModesTestExecutionListener, org.springframework.test.context.support.DependencyInjectionTestExecutionListener, org.springframework.test.context.support.DirtiesContextTestExecutionListener, org.springframework.test.context.transaction.TransactionalTestExecutionListener, org.springframework.test.context.jdbc.SqlScriptsTestExecutionListener, org.springframework.test.context.event.EventPublishingTestExecutionListener]
2019-12-11 13:34:01.690  INFO 2274 --- [    Test worker] .b.t.c.SpringBootTestContextBootstrapper : Using TestExecutionListeners: [org.springframework.test.context.web.ServletTestExecutionListener@71b84cf7, org.springframework.test.context.support.DirtiesContextBeforeModesTestExecutionListener@35a824ee, org.springframework.boot.test.mock.mockito.MockitoTestExecutionListener@6bd50b53, org.springframework.boot.test.autoconfigure.SpringBootDependencyInjectionTestExecutionListener@49766b9b, org.springframework.test.context.support.DirtiesContextTestExecutionListener@7a9a49b6, org.springframework.test.context.transaction.TransactionalTestExecutionListener@ee19d5f, org.springframework.test.context.jdbc.SqlScriptsTestExecutionListener@4d2d9043, org.springframework.test.context.event.EventPublishingTestExecutionListener@37fd10ce, org.springframework.boot.test.autoconfigure.restdocs.RestDocsTestExecutionListener@1f82387e, org.springframework.boot.test.autoconfigure.web.client.MockRestServiceServerResetTestExecutionListener@1d0b45b4, org.springframework.boot.test.autoconfigure.web.servlet.MockMvcPrintOnlyOnFailureTestExecutionListener@3c0561de, org.springframework.boot.test.autoconfigure.web.servlet.WebDriverTestExecutionListener@63a16df0, org.springframework.boot.test.mock.mockito.ResetMocksTestExecutionListener@6d6ee832, com.invillia.Account.testexecutionlistener.CleanDatabaseTestExecutionListener@2a0f36ce, com.invillia.Account.testexecutionlistener.RestAssuredTestExecutionListener@3d93b9c0]
]]></system-out>
  <system-err><![CDATA[]]></system-err>
</testsuite>
